<?xml version="1.0" encoding="UTF-8"?>
<!-- Generated by org.testng.reporters.JUnitReportReporter -->
<testsuite hostname="DESKTOP-QMA7PH3" failures="0" tests="2" name="test.itexps.com.MySeleniumTest" time="13.218" errors="0" timestamp="10 May 2023 16:51:42 GMT">
  <testcase classname="test.itexps.com.MySeleniumTest" name="testItexps" time="10.301"/>
  <testcase classname="test.itexps.com.MySeleniumTest" name="testGoogle" time="2.917"/>
</testsuite> <!-- test.itexps.com.MySeleniumTest -->
